
> @hr-system/web@0.1.0 type-check
> tsc --noEmit

app/(authorized)/attendance/page.tsx(95,50): error TS2339: Property 'includes' does not exist on type 'number | number[]'.
  Property 'includes' does not exist on type 'number'.
app/(authorized)/leave/calendar/page.tsx(26,31): error TS2307: Cannot find module '@hr-system/utils' or its corresponding type declarations.
app/(authorized)/notifications/page.tsx(28,7): error TS2739: Type '{ leave_request: ForwardRefExoticComponent<Omit<LucideProps, "ref"> & RefAttributes<SVGSVGElement>>; ... 5 more ...; system: ForwardRefExoticComponent<...>; }' is missing the following properties from type 'Record<"leave_request" | "leave_approved" | "leave_rejected" | "interview" | "onboarding" | "announcement" | "system" | "contract_warning" | "birthday", ForwardRefExoticComponent<Omit<LucideProps, "ref"> & RefAttributes<...>>>': contract_warning, birthday
app/(authorized)/notifications/page.tsx(77,11): error TS2739: Type '{ leave_request: string; leave_approved: string; leave_rejected: string; interview: string; onboarding: string; announcement: string; system: string; }' is missing the following properties from type 'Record<"leave_request" | "leave_approved" | "leave_rejected" | "interview" | "onboarding" | "announcement" | "system" | "contract_warning" | "birthday", string>': contract_warning, birthday
components/employees/employee-detail-modal.tsx(215,9): error TS2322: Type 'null' is not assignable to type '(string & File) | undefined'.
components/employees/employee-detail-modal.tsx(242,19): error TS2345: Argument of type '(prev: Partial<Employee> & { citizenshipIdFile?: File | null | undefined; contractFile?: File | null | undefined; directReportIds?: string[] | undefined; }) => { ...; }' is not assignable to parameter of type 'SetStateAction<Partial<Employee> & { citizenshipIdFile?: File | null | undefined; contractFile?: File | null | undefined; directReportIds?: string[] | undefined; }>'.
  Type '(prev: Partial<Employee> & { citizenshipIdFile?: File | null | undefined; contractFile?: File | null | undefined; directReportIds?: string[] | undefined; }) => { ...; }' is not assignable to type '(prevState: Partial<Employee> & { citizenshipIdFile?: File | null | undefined; contractFile?: File | null | undefined; directReportIds?: string[] | undefined; }) => Partial<...> & { ...; }'.
    Type '{ citizenshipIdFile: File; id?: string | undefined; code?: string | undefined; fullName?: string | undefined; firstName?: string | undefined; lastName?: string | undefined; personalEmail?: string | undefined; ... 54 more ...; contractFile?: File | null; }' is not assignable to type 'Partial<Employee> & { citizenshipIdFile?: File | null | undefined; contractFile?: File | null | undefined; directReportIds?: string[] | undefined; }'.
      Type '{ citizenshipIdFile: File; id?: string | undefined; code?: string | undefined; fullName?: string | undefined; firstName?: string | undefined; lastName?: string | undefined; personalEmail?: string | undefined; ... 54 more ...; contractFile?: File | null; }' is not assignable to type 'Partial<Employee>'.
        Types of property 'citizenshipIdFile' are incompatible.
          Type 'File' is not assignable to type 'string'.
components/employees/employee-detail-modal.tsx(249,17): error TS2345: Argument of type '(prev: Partial<Employee> & { citizenshipIdFile?: File | null | undefined; contractFile?: File | null | undefined; directReportIds?: string[] | undefined; }) => { ...; }' is not assignable to parameter of type 'SetStateAction<Partial<Employee> & { citizenshipIdFile?: File | null | undefined; contractFile?: File | null | undefined; directReportIds?: string[] | undefined; }>'.
  Type '(prev: Partial<Employee> & { citizenshipIdFile?: File | null | undefined; contractFile?: File | null | undefined; directReportIds?: string[] | undefined; }) => { ...; }' is not assignable to type '(prevState: Partial<Employee> & { citizenshipIdFile?: File | null | undefined; contractFile?: File | null | undefined; directReportIds?: string[] | undefined; }) => Partial<...> & { ...; }'.
    Type '{ citizenshipIdFile: null; id?: string | undefined; code?: string | undefined; fullName?: string | undefined; firstName?: string | undefined; lastName?: string | undefined; personalEmail?: string | undefined; ... 54 more ...; contractFile?: File | null; }' is not assignable to type 'Partial<Employee> & { citizenshipIdFile?: File | null | undefined; contractFile?: File | null | undefined; directReportIds?: string[] | undefined; }'.
      Type '{ citizenshipIdFile: null; id?: string | undefined; code?: string | undefined; fullName?: string | undefined; firstName?: string | undefined; lastName?: string | undefined; personalEmail?: string | undefined; ... 54 more ...; contractFile?: File | null; }' is not assignable to type 'Partial<Employee>'.
        Types of property 'citizenshipIdFile' are incompatible.
          Type 'null' is not assignable to type 'string | undefined'.
components/employees/employee-detail-modal.tsx(692,64): error TS2339: Property 'name' does not exist on type 'JobClassification'.
components/employees/employee-detail-modal.tsx(704,43): error TS2339: Property 'name' does not exist on type 'JobClassification'.
components/employees/employee-detail-modal.tsx(878,23): error TS2322: Type 'string | Date' is not assignable to type 'string | number | readonly string[] | undefined'.
  Type 'Date' is not assignable to type 'string | number | readonly string[] | undefined'.
    Type 'Date' is missing the following properties from type 'readonly string[]': length, concat, join, slice, and 26 more.
components/employees/employee-detail-modal.tsx(1375,49): error TS2339: Property 'dateOfBirth' does not exist on type 'Omit<EmployeeDependent, "id">'.
components/employees/employee-detail-modal.tsx(1388,49): error TS2339: Property 'idNumber' does not exist on type 'Omit<EmployeeDependent, "id">'.
components/employees/employee-detail-modal.tsx(1402,49): error TS2339: Property 'taxCode' does not exist on type 'Omit<EmployeeDependent, "id">'.
components/employees/employee-detail-modal.tsx(1451,38): error TS2339: Property 'dateOfBirth' does not exist on type 'EmployeeDependent'.
components/employees/employee-detail-modal.tsx(1451,82): error TS2339: Property 'dateOfBirth' does not exist on type 'EmployeeDependent'.
components/employees/employee-detail-modal.tsx(2005,54): error TS7015: Element implicitly has an 'any' type because index expression is not of type 'number'.
components/employees/employee-detail-modal.tsx(2005,89): error TS7006: Parameter 'reason' implicitly has an 'any' type.
components/employees/employee-detail-modal.tsx(2030,49): error TS7015: Element implicitly has an 'any' type because index expression is not of type 'number'.
components/employees/employee-detail-modal.tsx(2041,58): error TS7015: Element implicitly has an 'any' type because index expression is not of type 'number'.
components/employees/employee-detail-modal.tsx(2041,86): error TS7006: Parameter 'subReason' implicitly has an 'any' type.
components/employees/employee-detail-modal.tsx(2322,76): error TS7015: Element implicitly has an 'any' type because index expression is not of type 'number'.
components/employees/employee-detail-modal.tsx(2323,58): error TS7006: Parameter 'reason' implicitly has an 'any' type.
components/employees/employee-detail-modal.tsx(2352,71): error TS7015: Element implicitly has an 'any' type because index expression is not of type 'number'.
components/employees/employee-detail-modal.tsx(2367,80): error TS7015: Element implicitly has an 'any' type because index expression is not of type 'number'.
components/employees/employee-detail-modal.tsx(2368,60): error TS7006: Parameter 'subReason' implicitly has an 'any' type.
components/employees/employee-detail-modal.tsx(2642,60): error TS2551: Property 'resignationAction' does not exist on type '{ lastWorkingDay?: string | undefined; resignationDate?: string | undefined; reason?: string | undefined; subReason?: string | undefined; notes?: string | undefined; rehireEligible?: boolean | undefined; handoverComplete?: boolean | undefined; itAccessRevoked?: boolean | undefined; }'. Did you mean 'resignationDate'?
components/employees/employee-detail-modal.tsx(2665,60): error TS2339: Property 'resignationReason' does not exist on type '{ lastWorkingDay?: string | undefined; resignationDate?: string | undefined; reason?: string | undefined; subReason?: string | undefined; notes?: string | undefined; rehireEligible?: boolean | undefined; handoverComplete?: boolean | undefined; itAccessRevoked?: boolean | undefined; }'.
components/employees/employee-detail-modal.tsx(2667,76): error TS2551: Property 'resignationAction' does not exist on type '{ lastWorkingDay?: string | undefined; resignationDate?: string | undefined; reason?: string | undefined; subReason?: string | undefined; notes?: string | undefined; rehireEligible?: boolean | undefined; handoverComplete?: boolean | undefined; itAccessRevoked?: boolean | undefined; }'. Did you mean 'resignationDate'?
components/employees/employee-detail-modal.tsx(2673,56): error TS2551: Property 'resignationAction' does not exist on type '{ lastWorkingDay?: string | undefined; resignationDate?: string | undefined; reason?: string | undefined; subReason?: string | undefined; notes?: string | undefined; rehireEligible?: boolean | undefined; handoverComplete?: boolean | undefined; itAccessRevoked?: boolean | undefined; }'. Did you mean 'resignationDate'?
components/employees/employee-detail-modal.tsx(2674,78): error TS2551: Property 'resignationAction' does not exist on type '{ lastWorkingDay?: string | undefined; resignationDate?: string | undefined; reason?: string | undefined; subReason?: string | undefined; notes?: string | undefined; rehireEligible?: boolean | undefined; handoverComplete?: boolean | undefined; itAccessRevoked?: boolean | undefined; }'. Did you mean 'resignationDate'?
components/employees/employee-detail-modal.tsx(2674,98): error TS2339: Property 'map' does not exist on type 'string'.
components/employees/employee-detail-modal.tsx(2674,103): error TS7006: Parameter 'reason' implicitly has an 'any' type.
components/employees/employee-detail-modal.tsx(2687,60): error TS2551: Property 'lastWorkingDate' does not exist on type '{ lastWorkingDay?: string | undefined; resignationDate?: string | undefined; reason?: string | undefined; subReason?: string | undefined; notes?: string | undefined; rehireEligible?: boolean | undefined; handoverComplete?: boolean | undefined; itAccessRevoked?: boolean | undefined; }'. Did you mean 'lastWorkingDay'?
components/employees/employee-detail-modal.tsx(2700,62): error TS2339: Property 'exitInterviewCompleted' does not exist on type '{ lastWorkingDay?: string | undefined; resignationDate?: string | undefined; reason?: string | undefined; subReason?: string | undefined; notes?: string | undefined; rehireEligible?: boolean | undefined; handoverComplete?: boolean | undefined; itAccessRevoked?: boolean | undefined; }'.
components/employees/employee-detail-modal.tsx(2716,62): error TS2339: Property 'assetsReturned' does not exist on type '{ lastWorkingDay?: string | undefined; resignationDate?: string | undefined; reason?: string | undefined; subReason?: string | undefined; notes?: string | undefined; rehireEligible?: boolean | undefined; handoverComplete?: boolean | undefined; itAccessRevoked?: boolean | undefined; }'.
components/employees/employee-detail-modal.tsx(2768,64): error TS2339: Property 'blacklistReason' does not exist on type '{ lastWorkingDay?: string | undefined; resignationDate?: string | undefined; reason?: string | undefined; subReason?: string | undefined; notes?: string | undefined; rehireEligible?: boolean | undefined; handoverComplete?: boolean | undefined; itAccessRevoked?: boolean | undefined; }'.
components/layout/role-switcher.tsx(34,5): error TS2554: Expected 2 arguments, but got 1.
components/layout/role-switcher.tsx(55,162): error TS2339: Property 'color' does not exist on type 'CustomRole'.
components/layout/role-switcher.tsx(74,92): error TS2339: Property 'color' does not exist on type 'CustomRole'.
components/recruitment/position-selector.tsx(11,61): error TS2307: Cannot find module '@/lib/hierarchy-utils' or its corresponding type declarations.
modules/core/components/layout/top-bar.tsx(32,7): error TS2739: Type '{ leave_request: ForwardRefExoticComponent<Omit<LucideProps, "ref"> & RefAttributes<SVGSVGElement>>; ... 5 more ...; system: ForwardRefExoticComponent<...>; }' is missing the following properties from type 'Record<"leave_request" | "leave_approved" | "leave_rejected" | "interview" | "onboarding" | "announcement" | "system" | "contract_warning" | "birthday", ForwardRefExoticComponent<Omit<LucideProps, "ref"> & RefAttributes<...>>>': contract_warning, birthday
modules/employees/api/api.ts(2,57): error TS2307: Cannot find module '@hr-system/contracts' or its corresponding type declarations.
modules/organization/components/detail/unit-detail-view.tsx(82,26): error TS2551: Property 'parent' does not exist on type '{ employees: Employee[]; positions: Position[]; employeeCount: number; positionCount: number; id: string; code: string; name: string; abbreviation?: string | undefined; parentId?: string | undefined; ... 7 more ...; unitType: "company" | ... 2 more ... | "team"; }'. Did you mean 'parentId'?
modules/organization/components/detail/unit-detail-view.tsx(83,27): error TS2339: Property 'manager' does not exist on type '{ employees: Employee[]; positions: Position[]; employeeCount: number; positionCount: number; id: string; code: string; name: string; abbreviation?: string | undefined; parentId?: string | undefined; ... 7 more ...; unitType: "company" | ... 2 more ... | "team"; }'.
modules/organization/components/detail/unit-detail-view.tsx(91,23): error TS2352: Conversion of type '{ employees: Employee[]; positions: Position[]; employeeCount: number; positionCount: number; id: string; code: string; name: string; abbreviation?: string | undefined; ... 8 more ...; unitType: "company" | ... 2 more ... | "team"; } | null | undefined' to type 'OrgUnitDetail' may be a mistake because neither type sufficiently overlaps with the other. If this was intentional, convert the expression to 'unknown' first.
  Type '{ employees: Employee[]; positions: Position[]; employeeCount: number; positionCount: number; id: string; code: string; name: string; abbreviation?: string | undefined; parentId?: string | undefined; ... 7 more ...; unitType: "company" | ... 2 more ... | "team"; }' is missing the following properties from type 'OrgUnitDetail': parent, manager, headcount
modules/settings/api/api.ts(8,8): error TS2307: Cannot find module '@hr-system/contracts' or its corresponding type declarations.
modules/settings/api/mutations.ts(41,16): error TS2554: Expected 4 arguments, but got 3.
modules/settings/api/mutations.ts(71,16): error TS2554: Expected 4 arguments, but got 3.
modules/settings/api/mutations.ts(89,16): error TS2554: Expected 4 arguments, but got 3.
modules/settings/api/mutations.ts(124,16): error TS2554: Expected 4 arguments, but got 3.
modules/settings/api/mutations.ts(159,16): error TS2554: Expected 4 arguments, but got 3.
modules/settings/api/mutations.ts(177,16): error TS2554: Expected 4 arguments, but got 3.
modules/settings/api/mutations.ts(210,16): error TS2554: Expected 4 arguments, but got 3.
